This file contains any messages produced by compilers while
running configure, to aid debugging if configure makes a mistake.

It was created by json-c configure 0.9, which was
generated by GNU Autoconf 2.69.  Invocation command line was

  $ ./configure --prefix=/usr/local/libobject/src/include/libobject --disable-static

## --------- ##
## Platform. ##
## --------- ##

hostname = NSG
uname -m = x86_64
uname -r = 3.10.0
uname -s = Linux
uname -v = #2 SMP Mon Jul 29 20:15:30 GMT 2019

/usr/bin/uname -p = x86_64
/bin/uname -X     = unknown

/bin/arch              = x86_64
/usr/bin/arch -k       = unknown
/usr/convex/getsysinfo = unknown
/usr/bin/hostinfo      = unknown
/bin/machine           = unknown
/usr/bin/oslevel       = unknown
/bin/universe          = unknown

PATH: /usr/local/sbin
PATH: /usr/local/bin
PATH: /usr/sbin
PATH: /usr/bin
PATH: /usr/local/go/bin
PATH: /root/bin


## ----------- ##
## Core tests. ##
## ----------- ##

configure:2426: checking for a BSD-compatible install
configure:2494: result: /usr/bin/install -c
configure:2505: checking whether build environment is sane
configure:2542: result: yes
configure:2567: checking for a thread-safe mkdir -p
configure:2606: result: /usr/bin/mkdir -p
configure:2619: checking for gawk
configure:2635: found /usr/bin/gawk
configure:2646: result: gawk
configure:2657: checking whether make sets $(MAKE)
configure:2679: result: yes
configure:2881: checking for style of include used by make
configure:2909: result: GNU
configure:2979: checking for gcc
configure:2995: found /usr/bin/gcc
configure:3006: result: gcc
configure:3235: checking for C compiler version
configure:3244: gcc --version >&5
gcc (GCC) 4.8.5 20150623 (Red Hat 4.8.5-28)
Copyright (C) 2015 Free Software Foundation, Inc.
This is free software; see the source for copying conditions.  There is NO
warranty; not even for MERCHANTABILITY or FITNESS FOR A PARTICULAR PURPOSE.

configure:3255: $? = 0
configure:3244: gcc -v >&5
Using built-in specs.
COLLECT_GCC=gcc
COLLECT_LTO_WRAPPER=/usr/libexec/gcc/x86_64-redhat-linux/4.8.5/lto-wrapper
Target: x86_64-redhat-linux
Configured with: ../configure --prefix=/usr --mandir=/usr/share/man --infodir=/usr/share/info --with-bugurl=http://bugzilla.redhat.com/bugzilla --enable-bootstrap --enable-shared --enable-threads=posix --enable-checking=release --with-system-zlib --enable-__cxa_atexit --disable-libunwind-exceptions --enable-gnu-unique-object --enable-linker-build-id --with-linker-hash-style=gnu --enable-languages=c,c++,objc,obj-c++,java,fortran,ada,go,lto --enable-plugin --enable-initfini-array --disable-libgcj --with-isl=/builddir/build/BUILD/gcc-4.8.5-20150702/obj-x86_64-redhat-linux/isl-install --with-cloog=/builddir/build/BUILD/gcc-4.8.5-20150702/obj-x86_64-redhat-linux/cloog-install --enable-gnu-indirect-function --with-tune=generic --with-arch_32=x86-64 --build=x86_64-redhat-linux
Thread model: posix
gcc version 4.8.5 20150623 (Red Hat 4.8.5-28) (GCC) 
configure:3255: $? = 0
configure:3244: gcc -V >&5
gcc: error: unrecognized command line option '-V'
gcc: fatal error: no input files
compilation terminated.
configure:3255: $? = 4
configure:3244: gcc -qversion >&5
gcc: error: unrecognized command line option '-qversion'
gcc: fatal error: no input files
compilation terminated.
configure:3255: $? = 4
configure:3275: checking whether the C compiler works
configure:3297: gcc    conftest.c  >&5
configure:3301: $? = 0
configure:3349: result: yes
configure:3352: checking for C compiler default output file name
configure:3354: result: a.out
configure:3360: checking for suffix of executables
configure:3367: gcc -o conftest    conftest.c  >&5
configure:3371: $? = 0
configure:3393: result: 
configure:3415: checking whether we are cross compiling
configure:3423: gcc -o conftest    conftest.c  >&5
configure:3427: $? = 0
configure:3434: ./conftest
configure:3438: $? = 0
configure:3453: result: no
configure:3458: checking for suffix of object files
configure:3480: gcc -c   conftest.c >&5
configure:3484: $? = 0
configure:3505: result: o
configure:3509: checking whether we are using the GNU C compiler
configure:3528: gcc -c   conftest.c >&5
configure:3528: $? = 0
configure:3537: result: yes
configure:3546: checking whether gcc accepts -g
configure:3566: gcc -c -g  conftest.c >&5
configure:3566: $? = 0
configure:3607: result: yes
configure:3624: checking for gcc option to accept ISO C89
configure:3687: gcc  -c -g -O2  conftest.c >&5
configure:3687: $? = 0
configure:3700: result: none needed
configure:3722: checking dependency style of gcc
configure:3813: result: gcc3
configure:3834: checking how to run the C preprocessor
configure:3865: gcc -E  conftest.c
configure:3865: $? = 0
configure:3879: gcc -E  conftest.c
conftest.c:11:28: fatal error: ac_nonexistent.h: No such file or directory
 #include <ac_nonexistent.h>
                            ^
compilation terminated.
configure:3879: $? = 1
configure: failed program was:
| /* confdefs.h */
| #define PACKAGE_NAME "json-c"
| #define PACKAGE_TARNAME "json-c"
| #define PACKAGE_VERSION "0.9"
| #define PACKAGE_STRING "json-c 0.9"
| #define PACKAGE_BUGREPORT "michael@metaparadigm.com"
| #define PACKAGE_URL ""
| #define PACKAGE "json-c"
| #define VERSION "0.9"
| /* end confdefs.h.  */
| #include <ac_nonexistent.h>
configure:3904: result: gcc -E
configure:3924: gcc -E  conftest.c
configure:3924: $? = 0
configure:3938: gcc -E  conftest.c
conftest.c:11:28: fatal error: ac_nonexistent.h: No such file or directory
 #include <ac_nonexistent.h>
                            ^
compilation terminated.
configure:3938: $? = 1
configure: failed program was:
| /* confdefs.h */
| #define PACKAGE_NAME "json-c"
| #define PACKAGE_TARNAME "json-c"
| #define PACKAGE_VERSION "0.9"
| #define PACKAGE_STRING "json-c 0.9"
| #define PACKAGE_BUGREPORT "michael@metaparadigm.com"
| #define PACKAGE_URL ""
| #define PACKAGE "json-c"
| #define VERSION "0.9"
| /* end confdefs.h.  */
| #include <ac_nonexistent.h>
configure:3967: checking for grep that handles long lines and -e
configure:4025: result: /usr/bin/grep
configure:4030: checking for egrep
configure:4092: result: /usr/bin/grep -E
configure:4097: checking for ANSI C header files
configure:4117: gcc -c -g -O2  conftest.c >&5
configure:4117: $? = 0
configure:4190: gcc -o conftest -g -O2   conftest.c  >&5
configure:4190: $? = 0
configure:4190: ./conftest
configure:4190: $? = 0
configure:4201: result: yes
configure:4214: checking for sys/types.h
configure:4214: gcc -c -g -O2  conftest.c >&5
configure:4214: $? = 0
configure:4214: result: yes
configure:4214: checking for sys/stat.h
configure:4214: gcc -c -g -O2  conftest.c >&5
configure:4214: $? = 0
configure:4214: result: yes
configure:4214: checking for stdlib.h
configure:4214: gcc -c -g -O2  conftest.c >&5
configure:4214: $? = 0
configure:4214: result: yes
configure:4214: checking for string.h
configure:4214: gcc -c -g -O2  conftest.c >&5
configure:4214: $? = 0
configure:4214: result: yes
configure:4214: checking for memory.h
configure:4214: gcc -c -g -O2  conftest.c >&5
configure:4214: $? = 0
configure:4214: result: yes
configure:4214: checking for strings.h
configure:4214: gcc -c -g -O2  conftest.c >&5
configure:4214: $? = 0
configure:4214: result: yes
configure:4214: checking for inttypes.h
configure:4214: gcc -c -g -O2  conftest.c >&5
configure:4214: $? = 0
configure:4214: result: yes
configure:4214: checking for stdint.h
configure:4214: gcc -c -g -O2  conftest.c >&5
configure:4214: $? = 0
configure:4214: result: yes
configure:4214: checking for unistd.h
configure:4214: gcc -c -g -O2  conftest.c >&5
configure:4214: $? = 0
configure:4214: result: yes
configure:4229: checking fcntl.h usability
configure:4229: gcc -c -g -O2  conftest.c >&5
configure:4229: $? = 0
configure:4229: result: yes
configure:4229: checking fcntl.h presence
configure:4229: gcc -E  conftest.c
configure:4229: $? = 0
configure:4229: result: yes
configure:4229: checking for fcntl.h
configure:4229: result: yes
configure:4229: checking limits.h usability
configure:4229: gcc -c -g -O2  conftest.c >&5
configure:4229: $? = 0
configure:4229: result: yes
configure:4229: checking limits.h presence
configure:4229: gcc -E  conftest.c
configure:4229: $? = 0
configure:4229: result: yes
configure:4229: checking for limits.h
configure:4229: result: yes
configure:4229: checking for strings.h
configure:4229: result: yes
configure:4229: checking syslog.h usability
configure:4229: gcc -c -g -O2  conftest.c >&5
configure:4229: $? = 0
configure:4229: result: yes
configure:4229: checking syslog.h presence
configure:4229: gcc -E  conftest.c
configure:4229: $? = 0
configure:4229: result: yes
configure:4229: checking for syslog.h
configure:4229: result: yes
configure:4229: checking for unistd.h
configure:4229: result: yes
configure:4229: checking sys/param.h usability
configure:4229: gcc -c -g -O2  conftest.c >&5
configure:4229: $? = 0
configure:4229: result: yes
configure:4229: checking sys/param.h presence
configure:4229: gcc -E  conftest.c
configure:4229: $? = 0
configure:4229: result: yes
configure:4229: checking for sys/param.h
configure:4229: result: yes
configure:4229: checking stdarg.h usability
configure:4229: gcc -c -g -O2  conftest.c >&5
configure:4229: $? = 0
configure:4229: result: yes
configure:4229: checking stdarg.h presence
configure:4229: gcc -E  conftest.c
configure:4229: $? = 0
configure:4229: result: yes
configure:4229: checking for stdarg.h
configure:4229: result: yes
configure:4241: checking for an ANSI C-conforming const
configure:4307: gcc -c -g -O2  conftest.c >&5
configure:4307: $? = 0
configure:4314: result: yes
configure:4322: checking for size_t
configure:4322: gcc -c -g -O2  conftest.c >&5
configure:4322: $? = 0
configure:4322: gcc -c -g -O2  conftest.c >&5
conftest.c: In function 'main':
conftest.c:64:21: error: expected expression before ')' token
 if (sizeof ((size_t)))
                     ^
configure:4322: $? = 1
configure: failed program was:
| /* confdefs.h */
| #define PACKAGE_NAME "json-c"
| #define PACKAGE_TARNAME "json-c"
| #define PACKAGE_VERSION "0.9"
| #define PACKAGE_STRING "json-c 0.9"
| #define PACKAGE_BUGREPORT "michael@metaparadigm.com"
| #define PACKAGE_URL ""
| #define PACKAGE "json-c"
| #define VERSION "0.9"
| #define STDC_HEADERS 1
| #define HAVE_SYS_TYPES_H 1
| #define HAVE_SYS_STAT_H 1
| #define HAVE_STDLIB_H 1
| #define HAVE_STRING_H 1
| #define HAVE_MEMORY_H 1
| #define HAVE_STRINGS_H 1
| #define HAVE_INTTYPES_H 1
| #define HAVE_STDINT_H 1
| #define HAVE_UNISTD_H 1
| #define HAVE_FCNTL_H 1
| #define HAVE_LIMITS_H 1
| #define HAVE_STRINGS_H 1
| #define HAVE_SYSLOG_H 1
| #define HAVE_UNISTD_H 1
| #define HAVE_SYS_PARAM_H 1
| #define HAVE_STDARG_H 1
| /* end confdefs.h.  */
| #include <stdio.h>
| #ifdef HAVE_SYS_TYPES_H
| # include <sys/types.h>
| #endif
| #ifdef HAVE_SYS_STAT_H
| # include <sys/stat.h>
| #endif
| #ifdef STDC_HEADERS
| # include <stdlib.h>
| # include <stddef.h>
| #else
| # ifdef HAVE_STDLIB_H
| #  include <stdlib.h>
| # endif
| #endif
| #ifdef HAVE_STRING_H
| # if !defined STDC_HEADERS && defined HAVE_MEMORY_H
| #  include <memory.h>
| # endif
| # include <string.h>
| #endif
| #ifdef HAVE_STRINGS_H
| # include <strings.h>
| #endif
| #ifdef HAVE_INTTYPES_H
| # include <inttypes.h>
| #endif
| #ifdef HAVE_STDINT_H
| # include <stdint.h>
| #endif
| #ifdef HAVE_UNISTD_H
| # include <unistd.h>
| #endif
| int
| main ()
| {
| if (sizeof ((size_t)))
| 	    return 0;
|   ;
|   return 0;
| }
configure:4322: result: yes
configure:4337: checking for vprintf
configure:4337: gcc -o conftest -g -O2   conftest.c  >&5
conftest.c:51:6: warning: conflicting types for built-in function 'vprintf' [enabled by default]
 char vprintf ();
      ^
configure:4337: $? = 0
configure:4337: result: yes
configure:4343: checking for _doprnt
configure:4343: gcc -o conftest -g -O2   conftest.c  >&5
/tmp/cc241fsF.o: In function `main':
/usr/local/libobject/3rd/json/json-c-0.9/conftest.c:63: undefined reference to `_doprnt'
collect2: error: ld returned 1 exit status
configure:4343: $? = 1
configure: failed program was:
| /* confdefs.h */
| #define PACKAGE_NAME "json-c"
| #define PACKAGE_TARNAME "json-c"
| #define PACKAGE_VERSION "0.9"
| #define PACKAGE_STRING "json-c 0.9"
| #define PACKAGE_BUGREPORT "michael@metaparadigm.com"
| #define PACKAGE_URL ""
| #define PACKAGE "json-c"
| #define VERSION "0.9"
| #define STDC_HEADERS 1
| #define HAVE_SYS_TYPES_H 1
| #define HAVE_SYS_STAT_H 1
| #define HAVE_STDLIB_H 1
| #define HAVE_STRING_H 1
| #define HAVE_MEMORY_H 1
| #define HAVE_STRINGS_H 1
| #define HAVE_INTTYPES_H 1
| #define HAVE_STDINT_H 1
| #define HAVE_UNISTD_H 1
| #define HAVE_FCNTL_H 1
| #define HAVE_LIMITS_H 1
| #define HAVE_STRINGS_H 1
| #define HAVE_SYSLOG_H 1
| #define HAVE_UNISTD_H 1
| #define HAVE_SYS_PARAM_H 1
| #define HAVE_STDARG_H 1
| #define HAVE_VPRINTF 1
| /* end confdefs.h.  */
| /* Define _doprnt to an innocuous variant, in case <limits.h> declares _doprnt.
|    For example, HP-UX 11i <limits.h> declares gettimeofday.  */
| #define _doprnt innocuous__doprnt
| 
| /* System header to define __stub macros and hopefully few prototypes,
|     which can conflict with char _doprnt (); below.
|     Prefer <limits.h> to <assert.h> if __STDC__ is defined, since
|     <limits.h> exists even on freestanding compilers.  */
| 
| #ifdef __STDC__
| # include <limits.h>
| #else
| # include <assert.h>
| #endif
| 
| #undef _doprnt
| 
| /* Override any GCC internal prototype to avoid an error.
|    Use char because int might match the return type of a GCC
|    builtin and then its argument prototype would still apply.  */
| #ifdef __cplusplus
| extern "C"
| #endif
| char _doprnt ();
| /* The GNU C library defines this for functions which it implements
|     to always fail with ENOSYS.  Some functions are actually named
|     something starting with __ and the normal name is an alias.  */
| #if defined __stub__doprnt || defined __stub____doprnt
| choke me
| #endif
| 
| int
| main ()
| {
| return _doprnt ();
|   ;
|   return 0;
| }
configure:4343: result: no
configure:4354: checking for working memcmp
configure:4397: gcc -o conftest -g -O2   conftest.c  >&5
configure:4397: $? = 0
configure:4397: ./conftest
configure:4397: $? = 0
configure:4407: result: yes
configure:4418: checking for stdlib.h
configure:4418: result: yes
configure:4428: checking for GNU libc compatible malloc
configure:4452: gcc -o conftest -g -O2   conftest.c  >&5
configure:4452: $? = 0
configure:4452: ./conftest
configure:4452: $? = 0
configure:4462: result: yes
configure:4485: checking for stdlib.h
configure:4485: result: yes
configure:4495: checking for GNU libc compatible realloc
configure:4519: gcc -o conftest -g -O2   conftest.c  >&5
configure:4519: $? = 0
configure:4519: ./conftest
configure:4519: $? = 0
configure:4529: result: yes
configure:4553: checking for strndup
configure:4553: gcc -o conftest -g -O2   conftest.c  >&5
conftest.c:56:6: warning: conflicting types for built-in function 'strndup' [enabled by default]
 char strndup ();
      ^
configure:4553: $? = 0
configure:4553: result: yes
configure:4553: checking for strerror
configure:4553: gcc -o conftest -g -O2   conftest.c  >&5
configure:4553: $? = 0
configure:4553: result: yes
configure:4553: checking for vsnprintf
configure:4553: gcc -o conftest -g -O2   conftest.c  >&5
conftest.c:58:6: warning: conflicting types for built-in function 'vsnprintf' [enabled by default]
 char vsnprintf ();
      ^
configure:4553: $? = 0
configure:4553: result: yes
configure:4553: checking for vasprintf
configure:4553: gcc -o conftest -g -O2   conftest.c  >&5
configure:4553: $? = 0
configure:4553: result: yes
configure:4553: checking for open
configure:4553: gcc -o conftest -g -O2   conftest.c  >&5
configure:4553: $? = 0
configure:4553: result: yes
configure:4553: checking for vsyslog
configure:4553: gcc -o conftest -g -O2   conftest.c  >&5
configure:4553: $? = 0
configure:4553: result: yes
configure:4553: checking for strncasecmp
configure:4553: gcc -o conftest -g -O2   conftest.c  >&5
conftest.c:62:6: warning: conflicting types for built-in function 'strncasecmp' [enabled by default]
 char strncasecmp ();
      ^
configure:4553: $? = 0
configure:4553: result: yes
configure:4592: checking build system type
configure:4606: result: x86_64-unknown-linux-gnu
configure:4626: checking host system type
configure:4639: result: x86_64-unknown-linux-gnu
configure:4659: checking for a sed that does not truncate output
configure:4723: result: /usr/bin/sed
configure:4741: checking for fgrep
configure:4803: result: /usr/bin/grep -F
configure:4838: checking for ld used by gcc
configure:4905: result: /usr/bin/ld
configure:4912: checking if the linker (/usr/bin/ld) is GNU ld
configure:4927: result: yes
configure:4939: checking for BSD- or MS-compatible name lister (nm)
configure:4988: result: /usr/bin/nm -B
configure:5106: checking the name lister (/usr/bin/nm -B) interface
configure:5113: gcc -c -g -O2  conftest.c >&5
configure:5116: /usr/bin/nm -B "conftest.o"
configure:5119: output
0000000000000000 B some_variable
configure:5126: result: BSD nm
configure:5129: checking whether ln -s works
configure:5133: result: yes
configure:5141: checking the maximum length of command line arguments
configure:5261: result: 1572864
configure:5278: checking whether the shell understands some XSI constructs
configure:5288: result: yes
configure:5292: checking whether the shell understands "+="
configure:5298: result: yes
configure:5333: checking for /usr/bin/ld option to reload object files
configure:5340: result: -r
configure:5409: checking for objdump
configure:5425: found /usr/bin/objdump
configure:5436: result: objdump
configure:5468: checking how to recognize dependent libraries
configure:5664: result: pass_all
configure:5724: checking for ar
configure:5740: found /usr/bin/ar
configure:5751: result: ar
configure:5829: checking for strip
configure:5845: found /usr/bin/strip
configure:5856: result: strip
configure:5928: checking for ranlib
configure:5944: found /usr/bin/ranlib
configure:5955: result: ranlib
configure:6045: checking command to parse /usr/bin/nm -B output from gcc object
configure:6163: gcc -c -g -O2  conftest.c >&5
configure:6166: $? = 0
configure:6170: /usr/bin/nm -B conftest.o \| sed -n -e 's/^.*[	 ]\([ABCDGIRSTW][ABCDGIRSTW]*\)[	 ][	 ]*\([_A-Za-z][_A-Za-z0-9]*\)$/\1 \2 \2/p' \> conftest.nm
configure:6173: $? = 0
configure:6227: gcc -o conftest -g -O2   conftest.c conftstm.o >&5
configure:6230: $? = 0
configure:6268: result: ok
configure:6363: gcc -c -g -O2  conftest.c >&5
configure:6366: $? = 0
configure:7073: checking for dlfcn.h
configure:7073: gcc -c -g -O2  conftest.c >&5
configure:7073: $? = 0
configure:7073: result: yes
configure:7257: checking for objdir
configure:7272: result: .libs
configure:7564: checking if gcc supports -fno-rtti -fno-exceptions
configure:7582: gcc -c -g -O2  -fno-rtti -fno-exceptions conftest.c >&5
cc1: warning: command line option '-fno-rtti' is valid for C++/ObjC++ but not for C [enabled by default]
configure:7586: $? = 0
configure:7599: result: no
configure:7619: checking for gcc option to produce PIC
configure:7891: result: -fPIC -DPIC
configure:7903: checking if gcc PIC flag -fPIC -DPIC works
configure:7921: gcc -c -g -O2  -fPIC -DPIC -DPIC conftest.c >&5
configure:7925: $? = 0
configure:7938: result: yes
configure:7962: checking if gcc static flag -static works
configure:7990: result: no
configure:8005: checking if gcc supports -c -o file.o
configure:8026: gcc -c -g -O2  -o out/conftest2.o conftest.c >&5
configure:8030: $? = 0
configure:8052: result: yes
configure:8060: checking if gcc supports -c -o file.o
configure:8107: result: yes
configure:8140: checking whether the gcc linker (/usr/bin/ld -m elf_x86_64) supports shared libraries
configure:9127: result: yes
configure:9164: checking whether -lc should be explicitly linked in
configure:9169: gcc -c -g -O2  conftest.c >&5
configure:9172: $? = 0
configure:9187: gcc -shared conftest.o  -v -Wl,-soname -Wl,conftest -o conftest 2\>\&1 \| /usr/bin/grep  -lc  \>/dev/null 2\>\&1
configure:9190: $? = 0
configure:9202: result: no
configure:9366: checking dynamic linker characteristics
configure:9799: gcc -o conftest -g -O2   -Wl,-rpath -Wl,/foo conftest.c  >&5
configure:9799: $? = 0
configure:10029: result: GNU/Linux ld.so
configure:10131: checking how to hardcode library paths into programs
configure:10156: result: immediate
configure:10676: checking whether stripping libraries is possible
configure:10681: result: yes
configure:10716: checking if libtool supports shared libraries
configure:10718: result: yes
configure:10721: checking whether to build shared libraries
configure:10742: result: yes
configure:10745: checking whether to build static libraries
configure:10749: result: no
configure:10909: creating ./config.status

## ---------------------- ##
## Running config.status. ##
## ---------------------- ##

This file was extended by json-c config.status 0.9, which was
generated by GNU Autoconf 2.69.  Invocation command line was

  CONFIG_FILES    = 
  CONFIG_HEADERS  = 
  CONFIG_LINKS    = 
  CONFIG_COMMANDS = 
  $ ./config.status 

on NSG

config.status:1077: creating Makefile
config.status:1077: creating json.pc
config.status:1077: creating config.h
config.status:1258: config.h is unchanged
config.status:1306: executing depfiles commands
config.status:1306: executing libtool commands

## ---------------- ##
## Cache variables. ##
## ---------------- ##

ac_cv_build=x86_64-unknown-linux-gnu
ac_cv_c_compiler_gnu=yes
ac_cv_c_const=yes
ac_cv_env_CC_set=
ac_cv_env_CC_value=
ac_cv_env_CFLAGS_set=
ac_cv_env_CFLAGS_value=
ac_cv_env_CPPFLAGS_set=
ac_cv_env_CPPFLAGS_value=
ac_cv_env_CPP_set=
ac_cv_env_CPP_value=
ac_cv_env_LDFLAGS_set=
ac_cv_env_LDFLAGS_value=
ac_cv_env_LIBS_set=
ac_cv_env_LIBS_value=
ac_cv_env_build_alias_set=
ac_cv_env_build_alias_value=
ac_cv_env_host_alias_set=
ac_cv_env_host_alias_value=
ac_cv_env_target_alias_set=
ac_cv_env_target_alias_value=
ac_cv_func__doprnt=no
ac_cv_func_malloc_0_nonnull=yes
ac_cv_func_memcmp_working=yes
ac_cv_func_open=yes
ac_cv_func_realloc_0_nonnull=yes
ac_cv_func_strerror=yes
ac_cv_func_strncasecmp=yes
ac_cv_func_strndup=yes
ac_cv_func_vasprintf=yes
ac_cv_func_vprintf=yes
ac_cv_func_vsnprintf=yes
ac_cv_func_vsyslog=yes
ac_cv_header_dlfcn_h=yes
ac_cv_header_fcntl_h=yes
ac_cv_header_inttypes_h=yes
ac_cv_header_limits_h=yes
ac_cv_header_memory_h=yes
ac_cv_header_stdarg_h=yes
ac_cv_header_stdc=yes
ac_cv_header_stdint_h=yes
ac_cv_header_stdlib_h=yes
ac_cv_header_string_h=yes
ac_cv_header_strings_h=yes
ac_cv_header_sys_param_h=yes
ac_cv_header_sys_stat_h=yes
ac_cv_header_sys_types_h=yes
ac_cv_header_syslog_h=yes
ac_cv_header_unistd_h=yes
ac_cv_host=x86_64-unknown-linux-gnu
ac_cv_objext=o
ac_cv_path_EGREP='/usr/bin/grep -E'
ac_cv_path_FGREP='/usr/bin/grep -F'
ac_cv_path_GREP=/usr/bin/grep
ac_cv_path_SED=/usr/bin/sed
ac_cv_path_install='/usr/bin/install -c'
ac_cv_path_mkdir=/usr/bin/mkdir
ac_cv_prog_AWK=gawk
ac_cv_prog_CPP='gcc -E'
ac_cv_prog_ac_ct_AR=ar
ac_cv_prog_ac_ct_CC=gcc
ac_cv_prog_ac_ct_OBJDUMP=objdump
ac_cv_prog_ac_ct_RANLIB=ranlib
ac_cv_prog_ac_ct_STRIP=strip
ac_cv_prog_cc_c89=
ac_cv_prog_cc_g=yes
ac_cv_prog_make_make_set=yes
ac_cv_type_size_t=yes
am_cv_CC_dependencies_compiler_type=gcc3
lt_cv_deplibs_check_method=pass_all
lt_cv_file_magic_cmd='$MAGIC_CMD'
lt_cv_file_magic_test_file=
lt_cv_ld_reload_flag=-r
lt_cv_nm_interface='BSD nm'
lt_cv_objdir=.libs
lt_cv_path_LD=/usr/bin/ld
lt_cv_path_NM='/usr/bin/nm -B'
lt_cv_prog_compiler_c_o=yes
lt_cv_prog_compiler_pic_works=yes
lt_cv_prog_compiler_rtti_exceptions=no
lt_cv_prog_compiler_static_works=no
lt_cv_prog_gnu_ld=yes
lt_cv_sys_global_symbol_pipe='sed -n -e '\''s/^.*[	 ]\([ABCDGIRSTW][ABCDGIRSTW]*\)[	 ][	 ]*\([_A-Za-z][_A-Za-z0-9]*\)$/\1 \2 \2/p'\'''
lt_cv_sys_global_symbol_to_c_name_address='sed -n -e '\''s/^: \([^ ]*\) $/  {\"\1\", (void *) 0},/p'\'' -e '\''s/^[ABCDGIRSTW]* \([^ ]*\) \([^ ]*\)$/  {"\2", (void *) \&\2},/p'\'''
lt_cv_sys_global_symbol_to_c_name_address_lib_prefix='sed -n -e '\''s/^: \([^ ]*\) $/  {\"\1\", (void *) 0},/p'\'' -e '\''s/^[ABCDGIRSTW]* \([^ ]*\) \(lib[^ ]*\)$/  {"\2", (void *) \&\2},/p'\'' -e '\''s/^[ABCDGIRSTW]* \([^ ]*\) \([^ ]*\)$/  {"lib\2", (void *) \&\2},/p'\'''
lt_cv_sys_global_symbol_to_cdecl='sed -n -e '\''s/^T .* \(.*\)$/extern int \1();/p'\'' -e '\''s/^[ABCDGIRSTW]* .* \(.*\)$/extern char \1;/p'\'''
lt_cv_sys_max_cmd_len=1572864

## ----------------- ##
## Output variables. ##
## ----------------- ##

ACLOCAL='${SHELL} /usr/local/libobject/3rd/json/json-c-0.9/missing --run aclocal-1.10'
AMDEPBACKSLASH='\'
AMDEP_FALSE='#'
AMDEP_TRUE=''
AMTAR='${SHELL} /usr/local/libobject/3rd/json/json-c-0.9/missing --run tar'
AR='ar'
AUTOCONF='${SHELL} /usr/local/libobject/3rd/json/json-c-0.9/missing --run autoconf'
AUTOHEADER='${SHELL} /usr/local/libobject/3rd/json/json-c-0.9/missing --run autoheader'
AUTOMAKE='${SHELL} /usr/local/libobject/3rd/json/json-c-0.9/missing --run automake-1.10'
AWK='gawk'
CC='gcc'
CCDEPMODE='depmode=gcc3'
CFLAGS='-g -O2'
CPP='gcc -E'
CPPFLAGS=''
CYGPATH_W='echo'
DEFS='-DHAVE_CONFIG_H'
DEPDIR='.deps'
DSYMUTIL=''
DUMPBIN=''
ECHO_C=''
ECHO_N='-n'
ECHO_T=''
EGREP='/usr/bin/grep -E'
EXEEXT=''
FGREP='/usr/bin/grep -F'
GREP='/usr/bin/grep'
INSTALL_DATA='${INSTALL} -m 644'
INSTALL_PROGRAM='${INSTALL}'
INSTALL_SCRIPT='${INSTALL}'
INSTALL_STRIP_PROGRAM='$(install_sh) -c -s'
LD='/usr/bin/ld -m elf_x86_64'
LDFLAGS=''
LIBOBJS=''
LIBS=''
LIBTOOL='$(SHELL) $(top_builddir)/libtool'
LIPO=''
LN_S='ln -s'
LTLIBOBJS=''
MAKEINFO='${SHELL} /usr/local/libobject/3rd/json/json-c-0.9/missing --run makeinfo'
MKDIR_P='/usr/bin/mkdir -p'
NM='/usr/bin/nm -B'
NMEDIT=''
OBJDUMP='objdump'
OBJEXT='o'
OTOOL64=''
OTOOL=''
PACKAGE='json-c'
PACKAGE_BUGREPORT='michael@metaparadigm.com'
PACKAGE_NAME='json-c'
PACKAGE_STRING='json-c 0.9'
PACKAGE_TARNAME='json-c'
PACKAGE_URL=''
PACKAGE_VERSION='0.9'
PATH_SEPARATOR=':'
RANLIB='ranlib'
SED='/usr/bin/sed'
SET_MAKE=''
SHELL='/bin/sh'
STRIP='strip'
VERSION='0.9'
ac_ct_CC='gcc'
ac_ct_DUMPBIN=''
am__fastdepCC_FALSE='#'
am__fastdepCC_TRUE=''
am__include='include'
am__isrc=''
am__leading_dot='.'
am__quote=''
am__tar='${AMTAR} chof - "$$tardir"'
am__untar='${AMTAR} xf -'
bindir='${exec_prefix}/bin'
build='x86_64-unknown-linux-gnu'
build_alias=''
build_cpu='x86_64'
build_os='linux-gnu'
build_vendor='unknown'
datadir='${datarootdir}'
datarootdir='${prefix}/share'
docdir='${datarootdir}/doc/${PACKAGE_TARNAME}'
dvidir='${docdir}'
exec_prefix='${prefix}'
host='x86_64-unknown-linux-gnu'
host_alias=''
host_cpu='x86_64'
host_os='linux-gnu'
host_vendor='unknown'
htmldir='${docdir}'
includedir='${prefix}/include'
infodir='${datarootdir}/info'
install_sh='$(SHELL) /usr/local/libobject/3rd/json/json-c-0.9/install-sh'
libdir='${exec_prefix}/lib'
libexecdir='${exec_prefix}/libexec'
localedir='${datarootdir}/locale'
localstatedir='${prefix}/var'
lt_ECHO='echo'
mandir='${datarootdir}/man'
mkdir_p='/usr/bin/mkdir -p'
oldincludedir='/usr/include'
pdfdir='${docdir}'
prefix='/usr/local/libobject/src/include/libobject'
program_transform_name='s,x,x,'
psdir='${docdir}'
sbindir='${exec_prefix}/sbin'
sharedstatedir='${prefix}/com'
sysconfdir='${prefix}/etc'
target_alias=''

## ----------- ##
## confdefs.h. ##
## ----------- ##

/* confdefs.h */
#define PACKAGE_NAME "json-c"
#define PACKAGE_TARNAME "json-c"
#define PACKAGE_VERSION "0.9"
#define PACKAGE_STRING "json-c 0.9"
#define PACKAGE_BUGREPORT "michael@metaparadigm.com"
#define PACKAGE_URL ""
#define PACKAGE "json-c"
#define VERSION "0.9"
#define STDC_HEADERS 1
#define HAVE_SYS_TYPES_H 1
#define HAVE_SYS_STAT_H 1
#define HAVE_STDLIB_H 1
#define HAVE_STRING_H 1
#define HAVE_MEMORY_H 1
#define HAVE_STRINGS_H 1
#define HAVE_INTTYPES_H 1
#define HAVE_STDINT_H 1
#define HAVE_UNISTD_H 1
#define HAVE_FCNTL_H 1
#define HAVE_LIMITS_H 1
#define HAVE_STRINGS_H 1
#define HAVE_SYSLOG_H 1
#define HAVE_UNISTD_H 1
#define HAVE_SYS_PARAM_H 1
#define HAVE_STDARG_H 1
#define HAVE_VPRINTF 1
#define HAVE_STDLIB_H 1
#define HAVE_MALLOC 1
#define HAVE_STDLIB_H 1
#define HAVE_REALLOC 1
#define HAVE_STRNDUP 1
#define HAVE_STRERROR 1
#define HAVE_VSNPRINTF 1
#define HAVE_VASPRINTF 1
#define HAVE_OPEN 1
#define HAVE_VSYSLOG 1
#define HAVE_STRNCASECMP 1
#define HAVE_DLFCN_H 1
#define LT_OBJDIR ".libs/"

configure: exit 0
